2020-07-25 17:57:40,980 INFO Starting Nacos on b7acffee5341 with PID 25 (/home/nacos/target/nacos-server.jar started by root in /home/nacos)

2020-07-25 17:57:40,994 INFO The following profiles are active: standalone

2020-07-25 17:57:51,155 INFO Bean 'org.springframework.security.config.annotation.configuration.ObjectPostProcessorConfiguration' of type [org.springframework.security.config.annotation.configuration.ObjectPostProcessorConfiguration$$EnhancerBySpringCGLIB$$e2f18d61] is not eligible for getting processed by all BeanPostProcessors (for example: not eligible for auto-proxying)

2020-07-25 17:57:51,707 INFO Bean 'objectPostProcessor' of type [org.springframework.security.config.annotation.configuration.AutowireBeanFactoryObjectPostProcessor] is not eligible for getting processed by all BeanPostProcessors (for example: not eligible for auto-proxying)

2020-07-25 17:57:51,725 INFO Bean 'org.springframework.security.access.expression.method.DefaultMethodSecurityExpressionHandler@198d6542' of type [org.springframework.security.access.expression.method.DefaultMethodSecurityExpressionHandler] is not eligible for getting processed by all BeanPostProcessors (for example: not eligible for auto-proxying)

2020-07-25 17:57:51,729 INFO Bean 'org.springframework.security.config.annotation.method.configuration.GlobalMethodSecurityConfiguration' of type [org.springframework.security.config.annotation.method.configuration.GlobalMethodSecurityConfiguration$$EnhancerBySpringCGLIB$$7c63013] is not eligible for getting processed by all BeanPostProcessors (for example: not eligible for auto-proxying)

2020-07-25 17:57:51,764 INFO Bean 'methodSecurityMetadataSource' of type [org.springframework.security.access.method.DelegatingMethodSecurityMetadataSource] is not eligible for getting processed by all BeanPostProcessors (for example: not eligible for auto-proxying)

2020-07-25 17:57:53,647 INFO Tomcat initialized with port(s): 8848 (http)

2020-07-25 17:57:53,784 INFO Starting service [Tomcat]

2020-07-25 17:57:53,786 INFO Starting Servlet Engine: Apache Tomcat/9.0.13

2020-07-25 17:57:53,850 INFO The APR based Apache Tomcat Native library which allows optimal performance in production environments was not found on the java.library.path: [/usr/java/packages/lib/amd64:/usr/lib64:/lib64:/lib:/usr/lib]

2020-07-25 17:57:54,474 INFO Initializing Spring embedded WebApplicationContext

2020-07-25 17:57:54,475 INFO Root WebApplicationContext: initialization completed in 13157 ms

2020-07-25 17:57:55,653 INFO Use Mysql 8 as the driver

2020-07-25 17:57:55,864 INFO HikariPool-1 - Starting...

2020-07-25 17:57:56,681 INFO HikariPool-1 - Start completed.

2020-07-25 17:57:58,303 INFO Nacos-related cluster resource initialization

2020-07-25 17:57:58,334 INFO The cluster resource is initialized

2020-07-25 17:57:59,900 INFO Reflections took 229 ms to scan 1 urls, producing 6 keys and 24 values 

2020-07-25 17:58:00,111 INFO Reflections took 5 ms to scan 1 urls, producing 2 keys and 12 values 

2020-07-25 17:58:00,139 INFO Reflections took 5 ms to scan 1 urls, producing 3 keys and 15 values 

2020-07-25 17:58:03,262 INFO Initializing ExecutorService 'applicationTaskExecutor'

2020-07-25 17:58:03,778 INFO Adding welcome page: class path resource [static/index.html]

2020-07-25 17:58:05,648 INFO Creating filter chain: Ant [pattern='/**'], []

2020-07-25 17:58:05,908 INFO Creating filter chain: any request, [org.springframework.security.web.context.request.async.WebAsyncManagerIntegrationFilter@7bd69e82, org.springframework.security.web.context.SecurityContextPersistenceFilter@3abd581e, org.springframework.security.web.header.HeaderWriterFilter@33c2bd, org.springframework.security.web.csrf.CsrfFilter@10b3df93, org.springframework.security.web.authentication.logout.LogoutFilter@4ced35ed, org.springframework.security.web.savedrequest.RequestCacheAwareFilter@610db97e, org.springframework.security.web.servletapi.SecurityContextHolderAwareRequestFilter@1e392345, org.springframework.security.web.authentication.AnonymousAuthenticationFilter@74d7184a, org.springframework.security.web.session.SessionManagementFilter@3c321bdb, org.springframework.security.web.access.ExceptionTranslationFilter@33a2499c]

2020-07-25 17:58:06,529 INFO Exposing 16 endpoint(s) beneath base path '/actuator'

2020-07-25 17:58:06,635 INFO Initializing ExecutorService 'taskScheduler'

2020-07-25 17:58:07,069 INFO Tomcat started on port(s): 8848 (http) with context path '/nacos'

2020-07-25 17:58:07,094 INFO Started Nacos in 31.048 seconds (JVM running for 33.944)

2020-07-25 17:58:07,095 INFO Nacos Log files: /home/nacos/logs

2020-07-25 17:58:07,107 INFO Nacos Log files: /home/nacos/conf

2020-07-25 17:58:07,111 INFO Nacos Log files: /home/nacos/data

2020-07-25 17:58:07,112 INFO Nacos started successfully in stand alone mode. use external storage

2020-07-25 17:58:07,418 INFO Initializing Spring DispatcherServlet 'dispatcherServlet'

2020-07-25 17:58:07,421 INFO Initializing Servlet 'dispatcherServlet'

2020-07-25 17:58:07,445 INFO Completed initialization in 22 ms

