
         ,--.
       ,--.'|
   ,--,:  : |                                           Nacos 
,`--.'`|  ' :                       ,---.               Running in stand alone mode, All function modules
|   :  :  | |                      '   ,'\   .--.--.    Port: 8848
:   |   \ | :  ,--.--.     ,---.  /   /   | /  /    '   Pid: 25
|   : '  '; | /       \   /     \.   ; ,. :|  :  /`./   Console: http://b7acffee5341:8848/nacos/index.html
'   ' ;.    ;.--.  .-. | /    / ''   | |: :|  :  ;_
|   | | \   | \__\/: . ..    ' / '   | .; : \  \    `.      https://nacos.io
'   : |  ; .' ," .--.; |'   ; :__|   :    |  `----.   \
|   | '`--'  /  /  ,.  |'   | '.'|\   \  /  /  /`--'  /
'   : |     ;  :   .'   \   :    : `----'  '--'.     /
;   |.'     |  ,     .-./\   \  /            `--'---'
'---'        `--`---'     `----'

2020-07-25 17:57:51,155 INFO Bean 'org.springframework.security.config.annotation.configuration.ObjectPostProcessorConfiguration' of type [org.springframework.security.config.annotation.configuration.ObjectPostProcessorConfiguration$$EnhancerBySpringCGLIB$$e2f18d61] is not eligible for getting processed by all BeanPostProcessors (for example: not eligible for auto-proxying)

2020-07-25 17:57:51,707 INFO Bean 'objectPostProcessor' of type [org.springframework.security.config.annotation.configuration.AutowireBeanFactoryObjectPostProcessor] is not eligible for getting processed by all BeanPostProcessors (for example: not eligible for auto-proxying)

2020-07-25 17:57:51,725 INFO Bean 'org.springframework.security.access.expression.method.DefaultMethodSecurityExpressionHandler@198d6542' of type [org.springframework.security.access.expression.method.DefaultMethodSecurityExpressionHandler] is not eligible for getting processed by all BeanPostProcessors (for example: not eligible for auto-proxying)

2020-07-25 17:57:51,729 INFO Bean 'org.springframework.security.config.annotation.method.configuration.GlobalMethodSecurityConfiguration' of type [org.springframework.security.config.annotation.method.configuration.GlobalMethodSecurityConfiguration$$EnhancerBySpringCGLIB$$7c63013] is not eligible for getting processed by all BeanPostProcessors (for example: not eligible for auto-proxying)

2020-07-25 17:57:51,764 INFO Bean 'methodSecurityMetadataSource' of type [org.springframework.security.access.method.DelegatingMethodSecurityMetadataSource] is not eligible for getting processed by all BeanPostProcessors (for example: not eligible for auto-proxying)

2020-07-25 17:57:53,647 INFO Tomcat initialized with port(s): 8848 (http)

2020-07-25 17:57:54,475 INFO Root WebApplicationContext: initialization completed in 13157 ms

Loading class `com.mysql.jdbc.Driver'. This is deprecated. The new driver class is `com.mysql.cj.jdbc.Driver'. The driver is automatically registered via the SPI and manual loading of the driver class is generally unnecessary.
2020-07-25 17:58:03,262 INFO Initializing ExecutorService 'applicationTaskExecutor'

2020-07-25 17:58:03,778 INFO Adding welcome page: class path resource [static/index.html]

2020-07-25 17:58:05,648 INFO Creating filter chain: Ant [pattern='/**'], []

2020-07-25 17:58:05,908 INFO Creating filter chain: any request, [org.springframework.security.web.context.request.async.WebAsyncManagerIntegrationFilter@7bd69e82, org.springframework.security.web.context.SecurityContextPersistenceFilter@3abd581e, org.springframework.security.web.header.HeaderWriterFilter@33c2bd, org.springframework.security.web.csrf.CsrfFilter@10b3df93, org.springframework.security.web.authentication.logout.LogoutFilter@4ced35ed, org.springframework.security.web.savedrequest.RequestCacheAwareFilter@610db97e, org.springframework.security.web.servletapi.SecurityContextHolderAwareRequestFilter@1e392345, org.springframework.security.web.authentication.AnonymousAuthenticationFilter@74d7184a, org.springframework.security.web.session.SessionManagementFilter@3c321bdb, org.springframework.security.web.access.ExceptionTranslationFilter@33a2499c]

2020-07-25 17:58:06,529 INFO Exposing 16 endpoint(s) beneath base path '/actuator'

2020-07-25 17:58:06,635 INFO Initializing ExecutorService 'taskScheduler'

2020-07-25 17:58:07,069 INFO Tomcat started on port(s): 8848 (http) with context path '/nacos'

2020-07-25 17:58:07,095 INFO Nacos Log files: /home/nacos/logs

2020-07-25 17:58:07,107 INFO Nacos Log files: /home/nacos/conf

2020-07-25 17:58:07,111 INFO Nacos Log files: /home/nacos/data

2020-07-25 17:58:07,112 INFO Nacos started successfully in stand alone mode. use external storage

2020-07-25 17:58:07,421 INFO Initializing Servlet 'dispatcherServlet'

2020-07-25 17:58:07,445 INFO Completed initialization in 22 ms

